<?xml version="1.0" encoding="UTF-8"?>
<testng-results skipped="0" failed="0" ignored="0" total="2" passed="2">
  <reporter-output>
  </reporter-output>
  <suite name="com.qa.hs.tests.LoginTest" duration-ms="19087" started-at="2019-07-23T16:09:55Z" finished-at="2019-07-23T16:10:14Z">
    <groups>
    </groups>
    <test name="Command line test" duration-ms="19087" started-at="2019-07-23T16:09:55Z" finished-at="2019-07-23T16:10:14Z">
      <class name="com.qa.hs.tests.LoginTest">
        <test-method status="PASS" signature="loginTest()[pri:0, instance:com.qa.hs.tests.LoginTest@6108b2d7]" name="loginTest" duration-ms="10403" started-at="2019-07-23T16:09:55Z" finished-at="2019-07-23T16:10:06Z">
          <reporter-output>
          </reporter-output>
        </test-method> <!-- loginTest -->
        <test-method status="PASS" signature="signUpTest()[pri:0, instance:com.qa.hs.tests.LoginTest@6108b2d7]" name="signUpTest" duration-ms="8640" started-at="2019-07-23T16:10:06Z" finished-at="2019-07-23T16:10:14Z">
          <reporter-output>
          </reporter-output>
        </test-method> <!-- signUpTest -->
      </class> <!-- com.qa.hs.tests.LoginTest -->
    </test> <!-- Command line test -->
  </suite> <!-- com.qa.hs.tests.LoginTest -->
</testng-results>
